<html>
<head>
<title>TestNG:  Test</title>
<link href="../testng.css" rel="stylesheet" type="text/css" />
<link href="../my-testng.css" rel="stylesheet" type="text/css" />

<style type="text/css">
.log { display: none;} 
.stack-trace { display: none;} 
</style>
<script type="text/javascript">
<!--
function flip(e) {
  current = e.style.display;
  if (current == 'block') {
    e.style.display = 'none';
    return 0;
  }
  else {
    e.style.display = 'block';
    return 1;
  }
}

function toggleBox(szDivId, elem, msg1, msg2)
{
  var res = -1;  if (document.getElementById) {
    res = flip(document.getElementById(szDivId));
  }
  else if (document.all) {
    // this is the way old msie versions work
    res = flip(document.all[szDivId]);
  }
  if(elem) {
    if(res == 0) elem.innerHTML = msg1; else elem.innerHTML = msg2;
  }

}

function toggleAllBoxes() {
  if (document.getElementsByTagName) {
    d = document.getElementsByTagName('div');
    for (i = 0; i < d.length; i++) {
      if (d[i].className == 'log') {
        flip(d[i]);
      }
    }
  }
}

// -->
</script>

</head>
<body>
<h2 align='center'>Test</h2><table border='1' align="center">
<tr>
<td>Tests passed/Failed/Skipped:</td><td>15/1/1</td>
</tr><tr>
<td>Started on:</td><td>Tue Jun 09 20:38:05 IST 2020</td>
</tr>
<tr><td>Total time:</td><td>450 seconds (450646 ms)</td>
</tr><tr>
<td>Included groups:</td><td></td>
</tr><tr>
<td>Excluded groups:</td><td></td>
</tr>
</table><p/>
<small><i>(Hover the method name to see the test class name)</i></small><p/>
<table width='100%' border='1' class='invocation-failed'>
<tr><td colspan='4' align='center'><b>FAILED CONFIGURATIONS</b></td></tr>
<tr><td><b>Test method</b></td>
<td width="30%"><b>Exception</b></td>
<td width="10%"><b>Time (seconds)</b></td>
<td><b>Instance</b></td>
</tr>
<tr>
<td title='com.vTiger.testScripts.CreatePurchaseOrderTest.configAM()'><b>configAM</b><br>Test class: com.vTiger.testScripts.CreatePurchaseOrderTest</td>
<td><div><pre>org.openqa.selenium.json.JsonException: java.lang.reflect.InvocationTargetException
Build info: version: &apos;3.141.59&apos;, revision: &apos;e82be7d358&apos;, time: &apos;2018-11-14T08:17:03&apos;
System info: host: &apos;LAPTOP-N34GTUSU&apos;, ip: &apos;192.168.1.4&apos;, os.name: &apos;Windows 10&apos;, os.arch: &apos;amd64&apos;, os.version: &apos;10.0&apos;, java.version: &apos;12.0.2&apos;
Driver info: driver.version: RemoteWebDriver
	at org.openqa.selenium.json.JsonOutput.convertUsingMethod(JsonOutput.java:332)
	at org.openqa.selenium.json.JsonOutput.lambda$new$16(JsonOutput.java:155)
	at org.openqa.selenium.json.JsonOutput.write(JsonOutput.java:264)
	at org.openqa.selenium.json.JsonOutput.lambda$null$21(JsonOutput.java:168)
	at java.base/java.util.LinkedHashMap$LinkedValues.forEach(LinkedHashMap.java:608)
	at org.openqa.selenium.json.JsonOutput.lambda$new$22(JsonOutput.java:168)
	at org.openqa.selenium.json.JsonOutput.write(JsonOutput.java:264)
	at org.openqa.selenium.json.JsonOutput.lambda$null$23(JsonOutput.java:177)
	at com.google.common.collect.SingletonImmutableBiMap.forEach(SingletonImmutableBiMap.java:65)
	at org.openqa.selenium.json.JsonOutput.lambda$new$24(JsonOutput.java:176)
	at org.openqa.selenium.json.JsonOutput.write(JsonOutput.java:264)
	at org.openqa.selenium.json.JsonOutput.write(JsonOutput.java:255)
	at org.openqa.selenium.json.Json.toJson(Json.java:42)
	at org.openqa.selenium.remote.http.AbstractHttpCommandCodec.encode(AbstractHttpCommandCodec.java:227)
	at org.openqa.selenium.remote.http.AbstractHttpCommandCodec.encode(AbstractHttpCommandCodec.java:117)
	at org.openqa.selenium.remote.HttpCommandExecutor.execute(HttpCommandExecutor.java:152)
	at org.openqa.selenium.remote.service.DriverCommandExecutor.execute(DriverCommandExecutor.java:83)
	at org.openqa.selenium.remote.RemoteWebDriver.execute(RemoteWebDriver.java:552)
	at org.openqa.selenium.remote.RemoteWebDriver.perform(RemoteWebDriver.java:618)
	at org.openqa.selenium.interactions.Actions$BuiltAction.perform(Actions.java:639)
	at org.openqa.selenium.interactions.Actions.perform(Actions.java:595)
	at com.vTiger.genricLib.Utility.moveToElement(Utility.java:22)
	at com.vTiger.ObjectRepo.Home.signOut(Home.java:64)
	at com.vTiger.genricLib.Base.configAM(Base.java:68)
	Suppressed: org.openqa.selenium.json.JsonException: Attempting to close incomplete json stream
Build info: version: &apos;3.141.59&apos;, revision: &apos;e82be7d358&apos;, time: &apos;2018-11-14T08:17:03&apos;
System info: host: &apos;LAPTOP-N34GTUSU&apos;, ip: &apos;192.168.1.4&apos;, os.name: &apos;Windows 10&apos;, os.arch: &apos;amd64&apos;, os.version: &apos;10.0&apos;, java.version: &apos;12.0.2&apos;
Driver info: driver.version: RemoteWebDriver
		at org.openqa.selenium.json.JsonOutput.close(JsonOutput.java:279)
		at org.openqa.selenium.json.Json.toJson(Json.java:44)
		... 39 more
	at org.openqa.selenium.json.JsonOutput.convertUsingMethod(JsonOutput.java:328)
	... 51 more
Caused by: org.openqa.selenium.NoSuchElementException: no such element: Unable to locate element: {&quot;method&quot;:&quot;xpath&quot;,&quot;selector&quot;:&quot;//img[contains(@src,&apos;user.PNG&apos;)]&quot;}
  (Session info: chrome=83.0.4103.97)
For documentation on this error, please visit: https://www.seleniumhq.org/exceptions/no_such_element.html
Build info: version: &apos;3.141.59&apos;, revision: &apos;e82be7d358&apos;, time: &apos;2018-11-14T08:17:03&apos;
System info: host: &apos;LAPTOP-N34GTUSU&apos;, ip: &apos;192.168.1.4&apos;, os.name: &apos;Windows 10&apos;, os.arch: &apos;amd64&apos;, os.version: &apos;10.0&apos;, java.version: &apos;12.0.2&apos;
Driver info: org.openqa.selenium.chrome.ChromeDriver
Capabilities {acceptInsecureCerts: false, browserName: chrome, browserVersion: 83.0.4103.97, chrome: {chromedriverVersion: 83.0.4103.39 (ccbf011cb2d2b..., userDataDir: C:\Users\vikas\AppData\Loca...}, goog:chromeOptions: {debuggerAddress: localhost:54877}, javascriptEnabled: true, networkConnectionEnabled: false, pageLoadStrategy: normal, platform: WINDOWS, platformName: WINDOWS, proxy: Proxy(), setWindowRect: true, strictFileInteractability: false, timeouts: {implicit: 0, pageLoad: 300000, script: 30000}, unhandledPromptBehavior: dismiss and notify, webauthn:virtualAuthenticators: true}
Session ID: 8af320d114f62dc8d76815d8bb7971d7
*** Element info: {Using=xpath, value=//img[contains(@src,&apos;user.PNG&apos;)]}
	at org.openqa.selenium.remote.http.W3CHttpResponseCodec.createException(W3CHttpResponseCodec.java:187)
	at org.openqa.selenium.remote.http.W3CHttpResponseCodec.decode(W3CHttpResponseCodec.java:122)
	at org.openqa.selenium.remote.http.W3CHttpResponseCodec.decode(W3CHttpResponseCodec.java:49)
	at org.openqa.selenium.remote.HttpCommandExecutor.execute(HttpCommandExecutor.java:158)
	at org.openqa.selenium.remote.service.DriverCommandExecutor.execute(DriverCommandExecutor.java:83)
	at org.openqa.selenium.remote.RemoteWebDriver.execute(RemoteWebDriver.java:552)
	at org.openqa.selenium.remote.RemoteWebDriver.findElement(RemoteWebDriver.java:323)
	at org.openqa.selenium.remote.RemoteWebDriver.findElementByXPath(RemoteWebDriver.java:428)
	at org.openqa.selenium.By$ByXPath.findElement(By.java:353)
	at org.openqa.selenium.remote.RemoteWebDriver.findElement(RemoteWebDriver.java:315)
	at org.openqa.selenium.support.pagefactory.DefaultElementLocator.findElement(DefaultElementLocator.java:69)
	at org.openqa.selenium.support.pagefactory.internal.LocatingElementHandler.invoke(LocatingElementHandler.java:38)
	at com.sun.proxy.$Proxy14.getWrappedElement(Unknown Source)
	at org.openqa.selenium.interactions.PointerInput$Origin.asArg(PointerInput.java:204)
	at org.openqa.selenium.interactions.PointerInput$Move.encode(PointerInput.java:155)
	at org.openqa.selenium.interactions.Sequence.encode(Sequence.java:75)
	at org.openqa.selenium.interactions.Sequence.toJson(Sequence.java:84)
	... 55 more
... Removed 37 stack frames</pre></div><a href='#' onClick='toggleBox("stack-trace65583344", this, "Click to show all stack frames", "Click to hide stack frames")'>Click to show all stack frames</a>
<div class='stack-trace' id='stack-trace65583344'><pre>org.openqa.selenium.json.JsonException: java.lang.reflect.InvocationTargetException
Build info: version: &apos;3.141.59&apos;, revision: &apos;e82be7d358&apos;, time: &apos;2018-11-14T08:17:03&apos;
System info: host: &apos;LAPTOP-N34GTUSU&apos;, ip: &apos;192.168.1.4&apos;, os.name: &apos;Windows 10&apos;, os.arch: &apos;amd64&apos;, os.version: &apos;10.0&apos;, java.version: &apos;12.0.2&apos;
Driver info: driver.version: RemoteWebDriver
	at org.openqa.selenium.json.JsonOutput.convertUsingMethod(JsonOutput.java:332)
	at org.openqa.selenium.json.JsonOutput.lambda$new$16(JsonOutput.java:155)
	at org.openqa.selenium.json.JsonOutput.write(JsonOutput.java:264)
	at org.openqa.selenium.json.JsonOutput.lambda$null$21(JsonOutput.java:168)
	at java.base/java.util.LinkedHashMap$LinkedValues.forEach(LinkedHashMap.java:608)
	at org.openqa.selenium.json.JsonOutput.lambda$new$22(JsonOutput.java:168)
	at org.openqa.selenium.json.JsonOutput.write(JsonOutput.java:264)
	at org.openqa.selenium.json.JsonOutput.lambda$null$23(JsonOutput.java:177)
	at com.google.common.collect.SingletonImmutableBiMap.forEach(SingletonImmutableBiMap.java:65)
	at org.openqa.selenium.json.JsonOutput.lambda$new$24(JsonOutput.java:176)
	at org.openqa.selenium.json.JsonOutput.write(JsonOutput.java:264)
	at org.openqa.selenium.json.JsonOutput.write(JsonOutput.java:255)
	at org.openqa.selenium.json.Json.toJson(Json.java:42)
	at org.openqa.selenium.remote.http.AbstractHttpCommandCodec.encode(AbstractHttpCommandCodec.java:227)
	at org.openqa.selenium.remote.http.AbstractHttpCommandCodec.encode(AbstractHttpCommandCodec.java:117)
	at org.openqa.selenium.remote.HttpCommandExecutor.execute(HttpCommandExecutor.java:152)
	at org.openqa.selenium.remote.service.DriverCommandExecutor.execute(DriverCommandExecutor.java:83)
	at org.openqa.selenium.remote.RemoteWebDriver.execute(RemoteWebDriver.java:552)
	at org.openqa.selenium.remote.RemoteWebDriver.perform(RemoteWebDriver.java:618)
	at org.openqa.selenium.interactions.Actions$BuiltAction.perform(Actions.java:639)
	at org.openqa.selenium.interactions.Actions.perform(Actions.java:595)
	at com.vTiger.genricLib.Utility.moveToElement(Utility.java:22)
	at com.vTiger.ObjectRepo.Home.signOut(Home.java:64)
	at com.vTiger.genricLib.Base.configAM(Base.java:68)
	at java.base/jdk.internal.reflect.NativeMethodAccessorImpl.invoke0(Native Method)
	at java.base/jdk.internal.reflect.NativeMethodAccessorImpl.invoke(NativeMethodAccessorImpl.java:62)
	at java.base/jdk.internal.reflect.DelegatingMethodAccessorImpl.invoke(DelegatingMethodAccessorImpl.java:43)
	at java.base/java.lang.reflect.Method.invoke(Method.java:567)
	at org.testng.internal.MethodInvocationHelper.invokeMethod(MethodInvocationHelper.java:124)
	at org.testng.internal.MethodInvocationHelper.invokeMethodConsideringTimeout(MethodInvocationHelper.java:59)
	at org.testng.internal.Invoker.invokeConfigurationMethod(Invoker.java:458)
	at org.testng.internal.Invoker.invokeConfigurations(Invoker.java:222)
	at org.testng.internal.Invoker.invokeMethod(Invoker.java:646)
	at org.testng.internal.Invoker.invokeTestMethod(Invoker.java:719)
	at org.testng.internal.Invoker.invokeTestMethods(Invoker.java:989)
	at org.testng.internal.TestMethodWorker.invokeTestMethods(TestMethodWorker.java:125)
	at org.testng.internal.TestMethodWorker.run(TestMethodWorker.java:109)
	at org.testng.TestRunner.privateRun(TestRunner.java:648)
	at org.testng.TestRunner.run(TestRunner.java:505)
	at org.testng.SuiteRunner.runTest(SuiteRunner.java:455)
	at org.testng.SuiteRunner.runSequentially(SuiteRunner.java:450)
	at org.testng.SuiteRunner.privateRun(SuiteRunner.java:415)
	at org.testng.SuiteRunner.run(SuiteRunner.java:364)
	at org.testng.SuiteRunnerWorker.runSuite(SuiteRunnerWorker.java:52)
	at org.testng.SuiteRunnerWorker.run(SuiteRunnerWorker.java:84)
	at org.testng.TestNG.runSuitesSequentially(TestNG.java:1208)
	at org.testng.TestNG.runSuitesLocally(TestNG.java:1137)
	at org.testng.TestNG.runSuites(TestNG.java:1049)
	at org.testng.TestNG.run(TestNG.java:1017)
	at org.testng.remote.AbstractRemoteTestNG.run(AbstractRemoteTestNG.java:115)
	at org.testng.remote.RemoteTestNG.initAndRun(RemoteTestNG.java:251)
	at org.testng.remote.RemoteTestNG.main(RemoteTestNG.java:77)
	Suppressed: org.openqa.selenium.json.JsonException: Attempting to close incomplete json stream
Build info: version: &apos;3.141.59&apos;, revision: &apos;e82be7d358&apos;, time: &apos;2018-11-14T08:17:03&apos;
System info: host: &apos;LAPTOP-N34GTUSU&apos;, ip: &apos;192.168.1.4&apos;, os.name: &apos;Windows 10&apos;, os.arch: &apos;amd64&apos;, os.version: &apos;10.0&apos;, java.version: &apos;12.0.2&apos;
Driver info: driver.version: RemoteWebDriver
		at org.openqa.selenium.json.JsonOutput.close(JsonOutput.java:279)
		at org.openqa.selenium.json.Json.toJson(Json.java:44)
		... 39 more
Caused by: java.lang.reflect.InvocationTargetException
	at jdk.internal.reflect.GeneratedMethodAccessor3.invoke(Unknown Source)
	at java.base/jdk.internal.reflect.DelegatingMethodAccessorImpl.invoke(DelegatingMethodAccessorImpl.java:43)
	at java.base/java.lang.reflect.Method.invoke(Method.java:567)
	at org.openqa.selenium.json.JsonOutput.convertUsingMethod(JsonOutput.java:328)
	... 51 more
Caused by: org.openqa.selenium.NoSuchElementException: no such element: Unable to locate element: {&quot;method&quot;:&quot;xpath&quot;,&quot;selector&quot;:&quot;//img[contains(@src,&apos;user.PNG&apos;)]&quot;}
  (Session info: chrome=83.0.4103.97)
For documentation on this error, please visit: https://www.seleniumhq.org/exceptions/no_such_element.html
Build info: version: &apos;3.141.59&apos;, revision: &apos;e82be7d358&apos;, time: &apos;2018-11-14T08:17:03&apos;
System info: host: &apos;LAPTOP-N34GTUSU&apos;, ip: &apos;192.168.1.4&apos;, os.name: &apos;Windows 10&apos;, os.arch: &apos;amd64&apos;, os.version: &apos;10.0&apos;, java.version: &apos;12.0.2&apos;
Driver info: org.openqa.selenium.chrome.ChromeDriver
Capabilities {acceptInsecureCerts: false, browserName: chrome, browserVersion: 83.0.4103.97, chrome: {chromedriverVersion: 83.0.4103.39 (ccbf011cb2d2b..., userDataDir: C:\Users\vikas\AppData\Loca...}, goog:chromeOptions: {debuggerAddress: localhost:54877}, javascriptEnabled: true, networkConnectionEnabled: false, pageLoadStrategy: normal, platform: WINDOWS, platformName: WINDOWS, proxy: Proxy(), setWindowRect: true, strictFileInteractability: false, timeouts: {implicit: 0, pageLoad: 300000, script: 30000}, unhandledPromptBehavior: dismiss and notify, webauthn:virtualAuthenticators: true}
Session ID: 8af320d114f62dc8d76815d8bb7971d7
*** Element info: {Using=xpath, value=//img[contains(@src,&apos;user.PNG&apos;)]}
	at java.base/jdk.internal.reflect.NativeConstructorAccessorImpl.newInstance0(Native Method)
	at java.base/jdk.internal.reflect.NativeConstructorAccessorImpl.newInstance(NativeConstructorAccessorImpl.java:62)
	at java.base/jdk.internal.reflect.DelegatingConstructorAccessorImpl.newInstance(DelegatingConstructorAccessorImpl.java:45)
	at java.base/java.lang.reflect.Constructor.newInstanceWithCaller(Constructor.java:500)
	at java.base/java.lang.reflect.Constructor.newInstance(Constructor.java:481)
	at org.openqa.selenium.remote.http.W3CHttpResponseCodec.createException(W3CHttpResponseCodec.java:187)
	at org.openqa.selenium.remote.http.W3CHttpResponseCodec.decode(W3CHttpResponseCodec.java:122)
	at org.openqa.selenium.remote.http.W3CHttpResponseCodec.decode(W3CHttpResponseCodec.java:49)
	at org.openqa.selenium.remote.HttpCommandExecutor.execute(HttpCommandExecutor.java:158)
	at org.openqa.selenium.remote.service.DriverCommandExecutor.execute(DriverCommandExecutor.java:83)
	at org.openqa.selenium.remote.RemoteWebDriver.execute(RemoteWebDriver.java:552)
	at org.openqa.selenium.remote.RemoteWebDriver.findElement(RemoteWebDriver.java:323)
	at org.openqa.selenium.remote.RemoteWebDriver.findElementByXPath(RemoteWebDriver.java:428)
	at org.openqa.selenium.By$ByXPath.findElement(By.java:353)
	at org.openqa.selenium.remote.RemoteWebDriver.findElement(RemoteWebDriver.java:315)
	at org.openqa.selenium.support.pagefactory.DefaultElementLocator.findElement(DefaultElementLocator.java:69)
	at org.openqa.selenium.support.pagefactory.internal.LocatingElementHandler.invoke(LocatingElementHandler.java:38)
	at com.sun.proxy.$Proxy14.getWrappedElement(Unknown Source)
	at org.openqa.selenium.interactions.PointerInput$Origin.asArg(PointerInput.java:204)
	at org.openqa.selenium.interactions.PointerInput$Move.encode(PointerInput.java:155)
	at org.openqa.selenium.interactions.Sequence.encode(Sequence.java:75)
	at org.openqa.selenium.interactions.Sequence.toJson(Sequence.java:84)
	... 55 more
</pre></div></td>
<td>15</td>
<td>com.vTiger.testScripts.CreatePurchaseOrderTest@6293abcc</td></tr>
</table><p>
<table width='100%' border='1' class='invocation-skipped'>
<tr><td colspan='4' align='center'><b>SKIPPED CONFIGURATIONS</b></td></tr>
<tr><td><b>Test method</b></td>
<td width="30%"><b>Exception</b></td>
<td width="10%"><b>Time (seconds)</b></td>
<td><b>Instance</b></td>
</tr>
<tr>
<td title='com.vTiger.testScripts.CreatePurchaseOrderTest.configBM()'><b>configBM</b><br>Test class: com.vTiger.testScripts.CreatePurchaseOrderTest</td>
<td></td>
<td>0</td>
<td>com.vTiger.testScripts.CreatePurchaseOrderTest@6293abcc</td></tr>
<tr>
<td title='com.vTiger.testScripts.CreatePurchaseOrderTest.configAM()'><b>configAM</b><br>Test class: com.vTiger.testScripts.CreatePurchaseOrderTest</td>
<td></td>
<td>0</td>
<td>com.vTiger.testScripts.CreatePurchaseOrderTest@6293abcc</td></tr>
</table><p>
<table width='100%' border='1' class='invocation-failed'>
<tr><td colspan='4' align='center'><b>FAILED TESTS</b></td></tr>
<tr><td><b>Test method</b></td>
<td width="30%"><b>Exception</b></td>
<td width="10%"><b>Time (seconds)</b></td>
<td><b>Instance</b></td>
</tr>
<tr>
<td title='com.vTiger.testScripts.CreatePurchaseOrderTest.createPurchaseOrder()'><b>createPurchaseOrder</b><br>Test class: com.vTiger.testScripts.CreatePurchaseOrderTest<br>Parameters: sub01, vendor01, Created, billingAdrs01, shippingAdrs01, Laptop, 1<br/>
<a href="#Output-614054257" onClick='toggleBox("Output-614054257", this, "Show output", "Hide output");'>Show output</a>

<a href="#Output-614054257" onClick="toggleAllBoxes();">Show all outputs</a>
<div class='log' id="Output-614054257">
mouse hovered on more link<br/>
clicked on purchase order link<br/>
clicked on create purchase order link<br/>
entered subject--> sub01<br/>
</div>
</td>
<td><div><pre>org.openqa.selenium.NoSuchElementException: no such element: Unable to locate element: {&quot;method&quot;:&quot;link text&quot;,&quot;selector&quot;:&quot;vendor01&quot;}
  (Session info: chrome=83.0.4103.97)
For documentation on this error, please visit: https://www.seleniumhq.org/exceptions/no_such_element.html
Build info: version: &apos;3.141.59&apos;, revision: &apos;e82be7d358&apos;, time: &apos;2018-11-14T08:17:03&apos;
System info: host: &apos;LAPTOP-N34GTUSU&apos;, ip: &apos;192.168.1.4&apos;, os.name: &apos;Windows 10&apos;, os.arch: &apos;amd64&apos;, os.version: &apos;10.0&apos;, java.version: &apos;12.0.2&apos;
Driver info: org.openqa.selenium.chrome.ChromeDriver
Capabilities {acceptInsecureCerts: false, browserName: chrome, browserVersion: 83.0.4103.97, chrome: {chromedriverVersion: 83.0.4103.39 (ccbf011cb2d2b..., userDataDir: C:\Users\vikas\AppData\Loca...}, goog:chromeOptions: {debuggerAddress: localhost:54877}, javascriptEnabled: true, networkConnectionEnabled: false, pageLoadStrategy: normal, platform: WINDOWS, platformName: WINDOWS, proxy: Proxy(), setWindowRect: true, strictFileInteractability: false, timeouts: {implicit: 0, pageLoad: 300000, script: 30000}, unhandledPromptBehavior: dismiss and notify, webauthn:virtualAuthenticators: true}
Session ID: 8af320d114f62dc8d76815d8bb7971d7
*** Element info: {Using=link text, value=vendor01}
	at org.openqa.selenium.remote.http.W3CHttpResponseCodec.createException(W3CHttpResponseCodec.java:187)
	at org.openqa.selenium.remote.http.W3CHttpResponseCodec.decode(W3CHttpResponseCodec.java:122)
	at org.openqa.selenium.remote.http.W3CHttpResponseCodec.decode(W3CHttpResponseCodec.java:49)
	at org.openqa.selenium.remote.HttpCommandExecutor.execute(HttpCommandExecutor.java:158)
	at org.openqa.selenium.remote.service.DriverCommandExecutor.execute(DriverCommandExecutor.java:83)
	at org.openqa.selenium.remote.RemoteWebDriver.execute(RemoteWebDriver.java:552)
	at org.openqa.selenium.remote.RemoteWebDriver.findElement(RemoteWebDriver.java:323)
	at org.openqa.selenium.remote.RemoteWebDriver.findElementByLinkText(RemoteWebDriver.java:380)
	at org.openqa.selenium.By$ByLinkText.findElement(By.java:220)
	at org.openqa.selenium.remote.RemoteWebDriver.findElement(RemoteWebDriver.java:315)
	at com.vTiger.ObjectRepo.CreatePurchaseOrder.selectVendor(CreatePurchaseOrder.java:117)
	at com.vTiger.testScripts.CreatePurchaseOrderTest.createPurchaseOrder(CreatePurchaseOrderTest.java:39)
... Removed 30 stack frames</pre></div><a href='#' onClick='toggleBox("stack-trace614054257", this, "Click to show all stack frames", "Click to hide stack frames")'>Click to show all stack frames</a>
<div class='stack-trace' id='stack-trace614054257'><pre>org.openqa.selenium.NoSuchElementException: no such element: Unable to locate element: {&quot;method&quot;:&quot;link text&quot;,&quot;selector&quot;:&quot;vendor01&quot;}
  (Session info: chrome=83.0.4103.97)
For documentation on this error, please visit: https://www.seleniumhq.org/exceptions/no_such_element.html
Build info: version: &apos;3.141.59&apos;, revision: &apos;e82be7d358&apos;, time: &apos;2018-11-14T08:17:03&apos;
System info: host: &apos;LAPTOP-N34GTUSU&apos;, ip: &apos;192.168.1.4&apos;, os.name: &apos;Windows 10&apos;, os.arch: &apos;amd64&apos;, os.version: &apos;10.0&apos;, java.version: &apos;12.0.2&apos;
Driver info: org.openqa.selenium.chrome.ChromeDriver
Capabilities {acceptInsecureCerts: false, browserName: chrome, browserVersion: 83.0.4103.97, chrome: {chromedriverVersion: 83.0.4103.39 (ccbf011cb2d2b..., userDataDir: C:\Users\vikas\AppData\Loca...}, goog:chromeOptions: {debuggerAddress: localhost:54877}, javascriptEnabled: true, networkConnectionEnabled: false, pageLoadStrategy: normal, platform: WINDOWS, platformName: WINDOWS, proxy: Proxy(), setWindowRect: true, strictFileInteractability: false, timeouts: {implicit: 0, pageLoad: 300000, script: 30000}, unhandledPromptBehavior: dismiss and notify, webauthn:virtualAuthenticators: true}
Session ID: 8af320d114f62dc8d76815d8bb7971d7
*** Element info: {Using=link text, value=vendor01}
	at java.base/jdk.internal.reflect.NativeConstructorAccessorImpl.newInstance0(Native Method)
	at java.base/jdk.internal.reflect.NativeConstructorAccessorImpl.newInstance(NativeConstructorAccessorImpl.java:62)
	at java.base/jdk.internal.reflect.DelegatingConstructorAccessorImpl.newInstance(DelegatingConstructorAccessorImpl.java:45)
	at java.base/java.lang.reflect.Constructor.newInstanceWithCaller(Constructor.java:500)
	at java.base/java.lang.reflect.Constructor.newInstance(Constructor.java:481)
	at org.openqa.selenium.remote.http.W3CHttpResponseCodec.createException(W3CHttpResponseCodec.java:187)
	at org.openqa.selenium.remote.http.W3CHttpResponseCodec.decode(W3CHttpResponseCodec.java:122)
	at org.openqa.selenium.remote.http.W3CHttpResponseCodec.decode(W3CHttpResponseCodec.java:49)
	at org.openqa.selenium.remote.HttpCommandExecutor.execute(HttpCommandExecutor.java:158)
	at org.openqa.selenium.remote.service.DriverCommandExecutor.execute(DriverCommandExecutor.java:83)
	at org.openqa.selenium.remote.RemoteWebDriver.execute(RemoteWebDriver.java:552)
	at org.openqa.selenium.remote.RemoteWebDriver.findElement(RemoteWebDriver.java:323)
	at org.openqa.selenium.remote.RemoteWebDriver.findElementByLinkText(RemoteWebDriver.java:380)
	at org.openqa.selenium.By$ByLinkText.findElement(By.java:220)
	at org.openqa.selenium.remote.RemoteWebDriver.findElement(RemoteWebDriver.java:315)
	at com.vTiger.ObjectRepo.CreatePurchaseOrder.selectVendor(CreatePurchaseOrder.java:117)
	at com.vTiger.testScripts.CreatePurchaseOrderTest.createPurchaseOrder(CreatePurchaseOrderTest.java:39)
	at java.base/jdk.internal.reflect.NativeMethodAccessorImpl.invoke0(Native Method)
	at java.base/jdk.internal.reflect.NativeMethodAccessorImpl.invoke(NativeMethodAccessorImpl.java:62)
	at java.base/jdk.internal.reflect.DelegatingMethodAccessorImpl.invoke(DelegatingMethodAccessorImpl.java:43)
	at java.base/java.lang.reflect.Method.invoke(Method.java:567)
	at org.testng.internal.MethodInvocationHelper.invokeMethod(MethodInvocationHelper.java:124)
	at org.testng.internal.Invoker.invokeMethod(Invoker.java:583)
	at org.testng.internal.Invoker.invokeTestMethod(Invoker.java:719)
	at org.testng.internal.Invoker.invokeTestMethods(Invoker.java:989)
	at org.testng.internal.TestMethodWorker.invokeTestMethods(TestMethodWorker.java:125)
	at org.testng.internal.TestMethodWorker.run(TestMethodWorker.java:109)
	at org.testng.TestRunner.privateRun(TestRunner.java:648)
	at org.testng.TestRunner.run(TestRunner.java:505)
	at org.testng.SuiteRunner.runTest(SuiteRunner.java:455)
	at org.testng.SuiteRunner.runSequentially(SuiteRunner.java:450)
	at org.testng.SuiteRunner.privateRun(SuiteRunner.java:415)
	at org.testng.SuiteRunner.run(SuiteRunner.java:364)
	at org.testng.SuiteRunnerWorker.runSuite(SuiteRunnerWorker.java:52)
	at org.testng.SuiteRunnerWorker.run(SuiteRunnerWorker.java:84)
	at org.testng.TestNG.runSuitesSequentially(TestNG.java:1208)
	at org.testng.TestNG.runSuitesLocally(TestNG.java:1137)
	at org.testng.TestNG.runSuites(TestNG.java:1049)
	at org.testng.TestNG.run(TestNG.java:1017)
	at org.testng.remote.AbstractRemoteTestNG.run(AbstractRemoteTestNG.java:115)
	at org.testng.remote.RemoteTestNG.initAndRun(RemoteTestNG.java:251)
	at org.testng.remote.RemoteTestNG.main(RemoteTestNG.java:77)
</pre></div></td>
<td>27</td>
<td>com.vTiger.testScripts.CreatePurchaseOrderTest@6293abcc</td></tr>
</table><p>
<table width='100%' border='1' class='invocation-passed'>
<tr><td colspan='4' align='center'><b>PASSED TESTS</b></td></tr>
<tr><td><b>Test method</b></td>
<td width="30%"><b>Exception</b></td>
<td width="10%"><b>Time (seconds)</b></td>
<td><b>Instance</b></td>
</tr>
<tr>
<td title='com.vTiger.testScripts.CreateContactsTest.createContTest()'><b>createContTest</b><br>Test class: com.vTiger.testScripts.CreateContactsTest<br>Parameters: F111, sham, Org_123, sham@mail.com, 756641332<br/>
<a href="#Output-689448569" onClick='toggleBox("Output-689448569", this, "Show output", "Hide output");'>Show output</a>

<a href="#Output-689448569" onClick="toggleAllBoxes();">Show all outputs</a>
<div class='log' id="Output-689448569">
clicked on Contact link<br/>
clicked on create contact link<br/>
entered first name<br/>
entered last name<br/>
entered email<br/>
entered mobile number<br/>
clicked on select Organization button<br/>
switched to childe browser<br/>
selected Organization name<br/>
switched back to parent browser<br/>
clicked on save button<br/>
contact created successfully<br/>
Entered on contacts link-->home page displayed<br/>
</div>
</td>
<td></td>
<td>18</td>
<td>com.vTiger.testScripts.CreateContactsTest@27c86f2d</td></tr>
<tr>
<td title='com.vTiger.testScripts.CreateContactsTest.createContTest()'><b>createContTest</b><br>Test class: com.vTiger.testScripts.CreateContactsTest<br>Parameters: F112, Ram, Org_123, ram@mail.com, 956641333<br/>
<a href="#Output-209845522" onClick='toggleBox("Output-209845522", this, "Show output", "Hide output");'>Show output</a>

<a href="#Output-209845522" onClick="toggleAllBoxes();">Show all outputs</a>
<div class='log' id="Output-209845522">
clicked on Contact link<br/>
clicked on create contact link<br/>
entered first name<br/>
entered last name<br/>
entered email<br/>
entered mobile number<br/>
clicked on select Organization button<br/>
switched to childe browser<br/>
selected Organization name<br/>
switched back to parent browser<br/>
clicked on save button<br/>
contact created successfully<br/>
Entered on contacts link-->home page displayed<br/>
</div>
</td>
<td></td>
<td>15</td>
<td>com.vTiger.testScripts.CreateContactsTest@27c86f2d</td></tr>
<tr>
<td title='com.vTiger.testScripts.CreateContactsTest.createContTest()'><b>createContTest</b><br>Test class: com.vTiger.testScripts.CreateContactsTest<br>Parameters: F113, Suresh, Org_123, suresh@mail.com, 756241334<br/>
<a href="#Output-867205829" onClick='toggleBox("Output-867205829", this, "Show output", "Hide output");'>Show output</a>

<a href="#Output-867205829" onClick="toggleAllBoxes();">Show all outputs</a>
<div class='log' id="Output-867205829">
clicked on Contact link<br/>
clicked on create contact link<br/>
entered first name<br/>
entered last name<br/>
entered email<br/>
entered mobile number<br/>
clicked on select Organization button<br/>
switched to childe browser<br/>
selected Organization name<br/>
switched back to parent browser<br/>
clicked on save button<br/>
contact created successfully<br/>
Entered on contacts link-->home page displayed<br/>
</div>
</td>
<td></td>
<td>14</td>
<td>com.vTiger.testScripts.CreateContactsTest@27c86f2d</td></tr>
<tr>
<td title='com.vTiger.testScripts.CreateInvoiceTest.createInvoiceTest()'><b>createInvoiceTest</b><br>Test class: com.vTiger.testScripts.CreateInvoiceTest<br>Parameters: subject01, Vikas, Qspider, BillinhAddress01, ShippingAddress01, Processor, 1<br/>
<a href="#Output-1794710728" onClick='toggleBox("Output-1794710728", this, "Show output", "Hide output");'>Show output</a>

<a href="#Output-1794710728" onClick="toggleAllBoxes();">Show all outputs</a>
<div class='log' id="Output-1794710728">
mouse hovered on more link<br/>
clicked on Invoice Link<br/>
clicked on create invoice link<br/>
subject01 <-- entered <br/>
clicked on contact name<br/>
switched to child browser<br/>
switched to parent browser<br/>
selected contact name<br/>
clicked on organization name<br/>
switched to child browser<br/>
switched to parent browser<br/>
selected org name<br/>
entered billing address<br/>
entered shipping address<br/>
clicked on select item<br/>
switched to child browser<br/>
switched to parent browser<br/>
selected item -->Processor<br/>
selected qty -->1<br/>
clicked on save button<br/>
</div>
</td>
<td></td>
<td>24</td>
<td>com.vTiger.testScripts.CreateInvoiceTest@79ad8b2f</td></tr>
<tr>
<td title='com.vTiger.testScripts.CreateLeadsTest.createLeadTest()'><b>createLeadTest</b><br>Test class: com.vTiger.testScripts.CreateLeadsTest<br>Parameters: FN01, LN01, cmp01, Existing Customer, Banking, 550000, 10<br/>
<a href="#Output-1497992596" onClick='toggleBox("Output-1497992596", this, "Show output", "Hide output");'>Show output</a>

<a href="#Output-1497992596" onClick="toggleAllBoxes();">Show all outputs</a>
<div class='log' id="Output-1497992596">
clicked on leads link<br/>
clicked on create leads link<br/>
entered firstname into TF<br/>
entered lastname into TF<br/>
entered comapny name<br/>
selected lead source<br/>
selected industry type<br/>
entered annualrevenue into TF<br/>
entered noofemployees into TF<br/>
clicked on save button<br/>
</div>
</td>
<td></td>
<td>13</td>
<td>com.vTiger.testScripts.CreateLeadsTest@22635ba0</td></tr>
<tr>
<td title='com.vTiger.testScripts.CreateOpportunitiesTest.createOpportuninyTest()'><b>createOpportuninyTest</b><br>Test class: com.vTiger.testScripts.CreateOpportunitiesTest<br>Parameters: opprt01, Org_123, Existing Business, Cold Call, Prospecting, 45<br/>
<a href="#Output-1748574267" onClick='toggleBox("Output-1748574267", this, "Show output", "Hide output");'>Show output</a>

<a href="#Output-1748574267" onClick="toggleAllBoxes();">Show all outputs</a>
<div class='log' id="Output-1748574267">
Cliked on Opportunites link<br/>
cliked on create opportunity link<br/>
entered opportunity name<br/>
clicked on Org link<br/>
switched to child browser<br/>
switched to parent browser<br/>
selected Organization name<br/>
Existing Business selected from sigle Select drop down<br/>
clicked the saved button<br/>
</div>
</td>
<td></td>
<td>14</td>
<td>com.vTiger.testScripts.CreateOpportunitiesTest@13c10b87</td></tr>
<tr>
<td title='com.vTiger.testScripts.CreateOpportunitiesTest.createOpportuninyTest()'><b>createOpportuninyTest</b><br>Test class: com.vTiger.testScripts.CreateOpportunitiesTest<br>Parameters: opprt02, Org_124, New Business, Existing Customer, Qualification, 46<br/>
<a href="#Output-33238764" onClick='toggleBox("Output-33238764", this, "Show output", "Hide output");'>Show output</a>

<a href="#Output-33238764" onClick="toggleAllBoxes();">Show all outputs</a>
<div class='log' id="Output-33238764">
Cliked on Opportunites link<br/>
cliked on create opportunity link<br/>
entered opportunity name<br/>
clicked on Org link<br/>
switched to child browser<br/>
switched to parent browser<br/>
selected Organization name<br/>
New Business selected from sigle Select drop down<br/>
clicked the saved button<br/>
</div>
</td>
<td></td>
<td>14</td>
<td>com.vTiger.testScripts.CreateOpportunitiesTest@13c10b87</td></tr>
<tr>
<td title='com.vTiger.testScripts.CreateOrganizationTest.createOrgTest()'><b>createOrgTest</b><br>Test class: com.vTiger.testScripts.CreateOrganizationTest<br>Parameters: Org_125, www.org_125.com, 60, Banking, Press, User, 8524163480, org_125@mail.com, 10000, Bangaluru<br/>
<a href="#Output-891232836" onClick='toggleBox("Output-891232836", this, "Show output", "Hide output");'>Show output</a>

<a href="#Output-891232836" onClick="toggleAllBoxes();">Show all outputs</a>
<div class='log' id="Output-891232836">
cliked on organization link<br/>
clicked on create organization link<br/>
organization name is entered<br/>
Organization website entered<br/>
Entered Employees<br/>
clicked on save button<br/>
organization created successfully<br/>
clicked on organization link link->home page displayed<br/>
</div>
</td>
<td></td>
<td>19</td>
<td>com.vTiger.testScripts.CreateOrganizationTest@197d671</td></tr>
<tr>
<td title='com.vTiger.testScripts.CreateProductsTest.createProductTest()'><b>createProductTest</b><br>Test class: com.vTiger.testScripts.CreateProductsTest<br>Parameters: product01, Hardware, Mary, 301-Sales-Hardware<br/>
<a href="#Output-320453674" onClick='toggleBox("Output-320453674", this, "Show output", "Hide output");'>Show output</a>

<a href="#Output-320453674" onClick="toggleAllBoxes();">Show all outputs</a>
<div class='log' id="Output-320453674">
clicked on products link<br/>
clicked on create products link<br/>
product01 <--product is entered into the text field<br/>
Hardware is selected <br/>
selected vendor name-->Mary<br/>
selected gl Account<br/>
clicked on save button<br/>
</div>
</td>
<td></td>
<td>16</td>
<td>com.vTiger.testScripts.CreateProductsTest@1df82230</td></tr>
<tr>
<td title='com.vTiger.testScripts.CreateProductsTest.createProductTest()'><b>createProductTest</b><br>Test class: com.vTiger.testScripts.CreateProductsTest<br>Parameters: product02, Software, vendor02, 300-Sales-Software<br/>
<a href="#Output-1828438007" onClick='toggleBox("Output-1828438007", this, "Show output", "Hide output");'>Show output</a>

<a href="#Output-1828438007" onClick="toggleAllBoxes();">Show all outputs</a>
<div class='log' id="Output-1828438007">
clicked on products link<br/>
clicked on create products link<br/>
product02 <--product is entered into the text field<br/>
Software is selected <br/>
selected vendor name-->vendor02<br/>
selected gl Account<br/>
clicked on save button<br/>
</div>
</td>
<td></td>
<td>14</td>
<td>com.vTiger.testScripts.CreateProductsTest@1df82230</td></tr>
<tr>
<td title='com.vTiger.testScripts.CreateQuotesTest.createQuoteTest()'><b>createQuoteTest</b><br>Test class: com.vTiger.testScripts.CreateQuotesTest<br>Parameters: QOt01, Org_123, BillinhAddress01, ShippingAddress01, Laptop, 1<br/>
<a href="#Output-1651727123" onClick='toggleBox("Output-1651727123", this, "Show output", "Hide output");'>Show output</a>

<a href="#Output-1651727123" onClick="toggleAllBoxes();">Show all outputs</a>
<div class='log' id="Output-1651727123">
mouse hovered on more link<br/>
clicked on Quotes Link<br/>
clicked on create quotes link<br/>
QOt01 <-- entered <br/>
clicked on organizatio button<br/>
switched to child browser<br/>
switched to parent browser<br/>
selected org name<br/>
entered billing address<br/>
entered shipping address<br/>
selected item -->Laptop<br/>
selected qty -->1<br/>
clicked on save button<br/>
</div>
</td>
<td></td>
<td>18</td>
<td>com.vTiger.testScripts.CreateQuotesTest@5a955565</td></tr>
<tr>
<td title='com.vTiger.testScripts.CreateSalesOrderTest.createSalesOrderTest()'><b>createSalesOrderTest</b><br>Test class: com.vTiger.testScripts.CreateSalesOrderTest<br>Parameters: salesOrder01, Approved, cust1001, Org_123, billingAdrs01, shippingAdrs01, Laptop, 1<br/>
<a href="#Output-124666386" onClick='toggleBox("Output-124666386", this, "Show output", "Hide output");'>Show output</a>

<a href="#Output-124666386" onClick="toggleAllBoxes();">Show all outputs</a>
<div class='log' id="Output-124666386">
Mouse hovered on more link<br/>
clicked on sales order link<br/>
clicked on create sales order link<br/>
salesOrder01 entered into the subject TF<br/>
cust1001 entered into the customerno TF<br/>
Org_123 is selected <br/>
entered billing address<br/>
entered shipping address<br/>
Laptop item is selected<br/>
1 is selected<br/>
clicked on save button<br/>
sales order created successfully<br/>
</div>
</td>
<td></td>
<td>19</td>
<td>com.vTiger.testScripts.CreateSalesOrderTest@6a01e23</td></tr>
<tr>
<td title='com.vTiger.testScripts.CreateVendorTest.cretaeVendrTest()'><b>cretaeVendrTest</b><br>Test class: com.vTiger.testScripts.CreateVendorTest<br>Parameters: vendor01, vendor01@mil.com, 456278, www.vendor01.com, street01, city01, postalcode01, pobox01, state01, country01<br/>
<a href="#Output-2089636626" onClick='toggleBox("Output-2089636626", this, "Show output", "Hide output");'>Show output</a>

<a href="#Output-2089636626" onClick="toggleAllBoxes();">Show all outputs</a>
<div class='log' id="Output-2089636626">
mouse hovered on more link<br/>
clicked on vendor link<br/>
clicked on creater vendor<br/>
entered vendor name<br/>
entered vendored email id<br/>
entered vendored phone no<br/>
cliked on save button<br/>
vendor is created successfully<br/>
clicked on vendors link-->home page displayed<br/>
</div>
</td>
<td></td>
<td>18</td>
<td>com.vTiger.testScripts.CreateVendorTest@402e37bc</td></tr>
<tr>
<td title='com.vTiger.testScripts.CreateVendorTest.cretaeVendrTest()'><b>cretaeVendrTest</b><br>Test class: com.vTiger.testScripts.CreateVendorTest<br>Parameters: vendor02, vendor02@mil.com, 5998741, www.vendor02.com, street02, city02, postalcode02, pobox02, state02, country02<br/>
<a href="#Output-1424188812" onClick='toggleBox("Output-1424188812", this, "Show output", "Hide output");'>Show output</a>

<a href="#Output-1424188812" onClick="toggleAllBoxes();">Show all outputs</a>
<div class='log' id="Output-1424188812">
mouse hovered on more link<br/>
clicked on vendor link<br/>
clicked on creater vendor<br/>
entered vendor name<br/>
entered vendored email id<br/>
entered vendored phone no<br/>
cliked on save button<br/>
vendor is created successfully<br/>
clicked on vendors link-->home page displayed<br/>
</div>
</td>
<td></td>
<td>14</td>
<td>com.vTiger.testScripts.CreateVendorTest@402e37bc</td></tr>
<tr>
<td title='com.vTiger.testScripts.CreateVendorTest.cretaeVendrTest()'><b>cretaeVendrTest</b><br>Test class: com.vTiger.testScripts.CreateVendorTest<br>Parameters: vendor03, vendor03@mil.com, 98574, www.vendor03.com, street03, city03, postalcode03, pobox03, state03, country03<br/>
<a href="#Output-159651486" onClick='toggleBox("Output-159651486", this, "Show output", "Hide output");'>Show output</a>

<a href="#Output-159651486" onClick="toggleAllBoxes();">Show all outputs</a>
<div class='log' id="Output-159651486">
mouse hovered on more link<br/>
clicked on vendor link<br/>
clicked on creater vendor<br/>
entered vendor name<br/>
entered vendored email id<br/>
entered vendored phone no<br/>
cliked on save button<br/>
vendor is created successfully<br/>
clicked on vendors link-->home page displayed<br/>
</div>
</td>
<td></td>
<td>13</td>
<td>com.vTiger.testScripts.CreateVendorTest@402e37bc</td></tr>
</table><p>
<table width='100%' border='1' class='invocation-skipped'>
<tr><td colspan='4' align='center'><b>SKIPPED TESTS</b></td></tr>
<tr><td><b>Test method</b></td>
<td width="30%"><b>Exception</b></td>
<td width="10%"><b>Time (seconds)</b></td>
<td><b>Instance</b></td>
</tr>
<tr>
<td title='com.vTiger.testScripts.CreatePurchaseOrderTest.createPurchaseOrder()'><b>createPurchaseOrder</b><br>Test class: com.vTiger.testScripts.CreatePurchaseOrderTest</td>
<td><div><pre>org.openqa.selenium.json.JsonException: java.lang.reflect.InvocationTargetException
Build info: version: &apos;3.141.59&apos;, revision: &apos;e82be7d358&apos;, time: &apos;2018-11-14T08:17:03&apos;
System info: host: &apos;LAPTOP-N34GTUSU&apos;, ip: &apos;192.168.1.4&apos;, os.name: &apos;Windows 10&apos;, os.arch: &apos;amd64&apos;, os.version: &apos;10.0&apos;, java.version: &apos;12.0.2&apos;
Driver info: driver.version: RemoteWebDriver
	at org.openqa.selenium.json.JsonOutput.convertUsingMethod(JsonOutput.java:332)
	at org.openqa.selenium.json.JsonOutput.lambda$new$16(JsonOutput.java:155)
	at org.openqa.selenium.json.JsonOutput.write(JsonOutput.java:264)
	at org.openqa.selenium.json.JsonOutput.lambda$null$21(JsonOutput.java:168)
	at java.base/java.util.LinkedHashMap$LinkedValues.forEach(LinkedHashMap.java:608)
	at org.openqa.selenium.json.JsonOutput.lambda$new$22(JsonOutput.java:168)
	at org.openqa.selenium.json.JsonOutput.write(JsonOutput.java:264)
	at org.openqa.selenium.json.JsonOutput.lambda$null$23(JsonOutput.java:177)
	at com.google.common.collect.SingletonImmutableBiMap.forEach(SingletonImmutableBiMap.java:65)
	at org.openqa.selenium.json.JsonOutput.lambda$new$24(JsonOutput.java:176)
	at org.openqa.selenium.json.JsonOutput.write(JsonOutput.java:264)
	at org.openqa.selenium.json.JsonOutput.write(JsonOutput.java:255)
	at org.openqa.selenium.json.Json.toJson(Json.java:42)
	at org.openqa.selenium.remote.http.AbstractHttpCommandCodec.encode(AbstractHttpCommandCodec.java:227)
	at org.openqa.selenium.remote.http.AbstractHttpCommandCodec.encode(AbstractHttpCommandCodec.java:117)
	at org.openqa.selenium.remote.HttpCommandExecutor.execute(HttpCommandExecutor.java:152)
	at org.openqa.selenium.remote.service.DriverCommandExecutor.execute(DriverCommandExecutor.java:83)
	at org.openqa.selenium.remote.RemoteWebDriver.execute(RemoteWebDriver.java:552)
	at org.openqa.selenium.remote.RemoteWebDriver.perform(RemoteWebDriver.java:618)
	at org.openqa.selenium.interactions.Actions$BuiltAction.perform(Actions.java:639)
	at org.openqa.selenium.interactions.Actions.perform(Actions.java:595)
	at com.vTiger.genricLib.Utility.moveToElement(Utility.java:22)
	at com.vTiger.ObjectRepo.Home.signOut(Home.java:64)
	at com.vTiger.genricLib.Base.configAM(Base.java:68)
	Suppressed: org.openqa.selenium.json.JsonException: Attempting to close incomplete json stream
Build info: version: &apos;3.141.59&apos;, revision: &apos;e82be7d358&apos;, time: &apos;2018-11-14T08:17:03&apos;
System info: host: &apos;LAPTOP-N34GTUSU&apos;, ip: &apos;192.168.1.4&apos;, os.name: &apos;Windows 10&apos;, os.arch: &apos;amd64&apos;, os.version: &apos;10.0&apos;, java.version: &apos;12.0.2&apos;
Driver info: driver.version: RemoteWebDriver
		at org.openqa.selenium.json.JsonOutput.close(JsonOutput.java:279)
		at org.openqa.selenium.json.Json.toJson(Json.java:44)
		... 39 more
	at org.openqa.selenium.json.JsonOutput.convertUsingMethod(JsonOutput.java:328)
	... 51 more
Caused by: org.openqa.selenium.NoSuchElementException: no such element: Unable to locate element: {&quot;method&quot;:&quot;xpath&quot;,&quot;selector&quot;:&quot;//img[contains(@src,&apos;user.PNG&apos;)]&quot;}
  (Session info: chrome=83.0.4103.97)
For documentation on this error, please visit: https://www.seleniumhq.org/exceptions/no_such_element.html
Build info: version: &apos;3.141.59&apos;, revision: &apos;e82be7d358&apos;, time: &apos;2018-11-14T08:17:03&apos;
System info: host: &apos;LAPTOP-N34GTUSU&apos;, ip: &apos;192.168.1.4&apos;, os.name: &apos;Windows 10&apos;, os.arch: &apos;amd64&apos;, os.version: &apos;10.0&apos;, java.version: &apos;12.0.2&apos;
Driver info: org.openqa.selenium.chrome.ChromeDriver
Capabilities {acceptInsecureCerts: false, browserName: chrome, browserVersion: 83.0.4103.97, chrome: {chromedriverVersion: 83.0.4103.39 (ccbf011cb2d2b..., userDataDir: C:\Users\vikas\AppData\Loca...}, goog:chromeOptions: {debuggerAddress: localhost:54877}, javascriptEnabled: true, networkConnectionEnabled: false, pageLoadStrategy: normal, platform: WINDOWS, platformName: WINDOWS, proxy: Proxy(), setWindowRect: true, strictFileInteractability: false, timeouts: {implicit: 0, pageLoad: 300000, script: 30000}, unhandledPromptBehavior: dismiss and notify, webauthn:virtualAuthenticators: true}
Session ID: 8af320d114f62dc8d76815d8bb7971d7
*** Element info: {Using=xpath, value=//img[contains(@src,&apos;user.PNG&apos;)]}
	at org.openqa.selenium.remote.http.W3CHttpResponseCodec.createException(W3CHttpResponseCodec.java:187)
	at org.openqa.selenium.remote.http.W3CHttpResponseCodec.decode(W3CHttpResponseCodec.java:122)
	at org.openqa.selenium.remote.http.W3CHttpResponseCodec.decode(W3CHttpResponseCodec.java:49)
	at org.openqa.selenium.remote.HttpCommandExecutor.execute(HttpCommandExecutor.java:158)
	at org.openqa.selenium.remote.service.DriverCommandExecutor.execute(DriverCommandExecutor.java:83)
	at org.openqa.selenium.remote.RemoteWebDriver.execute(RemoteWebDriver.java:552)
	at org.openqa.selenium.remote.RemoteWebDriver.findElement(RemoteWebDriver.java:323)
	at org.openqa.selenium.remote.RemoteWebDriver.findElementByXPath(RemoteWebDriver.java:428)
	at org.openqa.selenium.By$ByXPath.findElement(By.java:353)
	at org.openqa.selenium.remote.RemoteWebDriver.findElement(RemoteWebDriver.java:315)
	at org.openqa.selenium.support.pagefactory.DefaultElementLocator.findElement(DefaultElementLocator.java:69)
	at org.openqa.selenium.support.pagefactory.internal.LocatingElementHandler.invoke(LocatingElementHandler.java:38)
	at com.sun.proxy.$Proxy14.getWrappedElement(Unknown Source)
	at org.openqa.selenium.interactions.PointerInput$Origin.asArg(PointerInput.java:204)
	at org.openqa.selenium.interactions.PointerInput$Move.encode(PointerInput.java:155)
	at org.openqa.selenium.interactions.Sequence.encode(Sequence.java:75)
	at org.openqa.selenium.interactions.Sequence.toJson(Sequence.java:84)
	... 55 more
... Removed 37 stack frames</pre></div><a href='#' onClick='toggleBox("stack-trace2103527052", this, "Click to show all stack frames", "Click to hide stack frames")'>Click to show all stack frames</a>
<div class='stack-trace' id='stack-trace2103527052'><pre>org.openqa.selenium.json.JsonException: java.lang.reflect.InvocationTargetException
Build info: version: &apos;3.141.59&apos;, revision: &apos;e82be7d358&apos;, time: &apos;2018-11-14T08:17:03&apos;
System info: host: &apos;LAPTOP-N34GTUSU&apos;, ip: &apos;192.168.1.4&apos;, os.name: &apos;Windows 10&apos;, os.arch: &apos;amd64&apos;, os.version: &apos;10.0&apos;, java.version: &apos;12.0.2&apos;
Driver info: driver.version: RemoteWebDriver
	at org.openqa.selenium.json.JsonOutput.convertUsingMethod(JsonOutput.java:332)
	at org.openqa.selenium.json.JsonOutput.lambda$new$16(JsonOutput.java:155)
	at org.openqa.selenium.json.JsonOutput.write(JsonOutput.java:264)
	at org.openqa.selenium.json.JsonOutput.lambda$null$21(JsonOutput.java:168)
	at java.base/java.util.LinkedHashMap$LinkedValues.forEach(LinkedHashMap.java:608)
	at org.openqa.selenium.json.JsonOutput.lambda$new$22(JsonOutput.java:168)
	at org.openqa.selenium.json.JsonOutput.write(JsonOutput.java:264)
	at org.openqa.selenium.json.JsonOutput.lambda$null$23(JsonOutput.java:177)
	at com.google.common.collect.SingletonImmutableBiMap.forEach(SingletonImmutableBiMap.java:65)
	at org.openqa.selenium.json.JsonOutput.lambda$new$24(JsonOutput.java:176)
	at org.openqa.selenium.json.JsonOutput.write(JsonOutput.java:264)
	at org.openqa.selenium.json.JsonOutput.write(JsonOutput.java:255)
	at org.openqa.selenium.json.Json.toJson(Json.java:42)
	at org.openqa.selenium.remote.http.AbstractHttpCommandCodec.encode(AbstractHttpCommandCodec.java:227)
	at org.openqa.selenium.remote.http.AbstractHttpCommandCodec.encode(AbstractHttpCommandCodec.java:117)
	at org.openqa.selenium.remote.HttpCommandExecutor.execute(HttpCommandExecutor.java:152)
	at org.openqa.selenium.remote.service.DriverCommandExecutor.execute(DriverCommandExecutor.java:83)
	at org.openqa.selenium.remote.RemoteWebDriver.execute(RemoteWebDriver.java:552)
	at org.openqa.selenium.remote.RemoteWebDriver.perform(RemoteWebDriver.java:618)
	at org.openqa.selenium.interactions.Actions$BuiltAction.perform(Actions.java:639)
	at org.openqa.selenium.interactions.Actions.perform(Actions.java:595)
	at com.vTiger.genricLib.Utility.moveToElement(Utility.java:22)
	at com.vTiger.ObjectRepo.Home.signOut(Home.java:64)
	at com.vTiger.genricLib.Base.configAM(Base.java:68)
	at java.base/jdk.internal.reflect.NativeMethodAccessorImpl.invoke0(Native Method)
	at java.base/jdk.internal.reflect.NativeMethodAccessorImpl.invoke(NativeMethodAccessorImpl.java:62)
	at java.base/jdk.internal.reflect.DelegatingMethodAccessorImpl.invoke(DelegatingMethodAccessorImpl.java:43)
	at java.base/java.lang.reflect.Method.invoke(Method.java:567)
	at org.testng.internal.MethodInvocationHelper.invokeMethod(MethodInvocationHelper.java:124)
	at org.testng.internal.MethodInvocationHelper.invokeMethodConsideringTimeout(MethodInvocationHelper.java:59)
	at org.testng.internal.Invoker.invokeConfigurationMethod(Invoker.java:458)
	at org.testng.internal.Invoker.invokeConfigurations(Invoker.java:222)
	at org.testng.internal.Invoker.invokeMethod(Invoker.java:646)
	at org.testng.internal.Invoker.invokeTestMethod(Invoker.java:719)
	at org.testng.internal.Invoker.invokeTestMethods(Invoker.java:989)
	at org.testng.internal.TestMethodWorker.invokeTestMethods(TestMethodWorker.java:125)
	at org.testng.internal.TestMethodWorker.run(TestMethodWorker.java:109)
	at org.testng.TestRunner.privateRun(TestRunner.java:648)
	at org.testng.TestRunner.run(TestRunner.java:505)
	at org.testng.SuiteRunner.runTest(SuiteRunner.java:455)
	at org.testng.SuiteRunner.runSequentially(SuiteRunner.java:450)
	at org.testng.SuiteRunner.privateRun(SuiteRunner.java:415)
	at org.testng.SuiteRunner.run(SuiteRunner.java:364)
	at org.testng.SuiteRunnerWorker.runSuite(SuiteRunnerWorker.java:52)
	at org.testng.SuiteRunnerWorker.run(SuiteRunnerWorker.java:84)
	at org.testng.TestNG.runSuitesSequentially(TestNG.java:1208)
	at org.testng.TestNG.runSuitesLocally(TestNG.java:1137)
	at org.testng.TestNG.runSuites(TestNG.java:1049)
	at org.testng.TestNG.run(TestNG.java:1017)
	at org.testng.remote.AbstractRemoteTestNG.run(AbstractRemoteTestNG.java:115)
	at org.testng.remote.RemoteTestNG.initAndRun(RemoteTestNG.java:251)
	at org.testng.remote.RemoteTestNG.main(RemoteTestNG.java:77)
	Suppressed: org.openqa.selenium.json.JsonException: Attempting to close incomplete json stream
Build info: version: &apos;3.141.59&apos;, revision: &apos;e82be7d358&apos;, time: &apos;2018-11-14T08:17:03&apos;
System info: host: &apos;LAPTOP-N34GTUSU&apos;, ip: &apos;192.168.1.4&apos;, os.name: &apos;Windows 10&apos;, os.arch: &apos;amd64&apos;, os.version: &apos;10.0&apos;, java.version: &apos;12.0.2&apos;
Driver info: driver.version: RemoteWebDriver
		at org.openqa.selenium.json.JsonOutput.close(JsonOutput.java:279)
		at org.openqa.selenium.json.Json.toJson(Json.java:44)
		... 39 more
Caused by: java.lang.reflect.InvocationTargetException
	at jdk.internal.reflect.GeneratedMethodAccessor3.invoke(Unknown Source)
	at java.base/jdk.internal.reflect.DelegatingMethodAccessorImpl.invoke(DelegatingMethodAccessorImpl.java:43)
	at java.base/java.lang.reflect.Method.invoke(Method.java:567)
	at org.openqa.selenium.json.JsonOutput.convertUsingMethod(JsonOutput.java:328)
	... 51 more
Caused by: org.openqa.selenium.NoSuchElementException: no such element: Unable to locate element: {&quot;method&quot;:&quot;xpath&quot;,&quot;selector&quot;:&quot;//img[contains(@src,&apos;user.PNG&apos;)]&quot;}
  (Session info: chrome=83.0.4103.97)
For documentation on this error, please visit: https://www.seleniumhq.org/exceptions/no_such_element.html
Build info: version: &apos;3.141.59&apos;, revision: &apos;e82be7d358&apos;, time: &apos;2018-11-14T08:17:03&apos;
System info: host: &apos;LAPTOP-N34GTUSU&apos;, ip: &apos;192.168.1.4&apos;, os.name: &apos;Windows 10&apos;, os.arch: &apos;amd64&apos;, os.version: &apos;10.0&apos;, java.version: &apos;12.0.2&apos;
Driver info: org.openqa.selenium.chrome.ChromeDriver
Capabilities {acceptInsecureCerts: false, browserName: chrome, browserVersion: 83.0.4103.97, chrome: {chromedriverVersion: 83.0.4103.39 (ccbf011cb2d2b..., userDataDir: C:\Users\vikas\AppData\Loca...}, goog:chromeOptions: {debuggerAddress: localhost:54877}, javascriptEnabled: true, networkConnectionEnabled: false, pageLoadStrategy: normal, platform: WINDOWS, platformName: WINDOWS, proxy: Proxy(), setWindowRect: true, strictFileInteractability: false, timeouts: {implicit: 0, pageLoad: 300000, script: 30000}, unhandledPromptBehavior: dismiss and notify, webauthn:virtualAuthenticators: true}
Session ID: 8af320d114f62dc8d76815d8bb7971d7
*** Element info: {Using=xpath, value=//img[contains(@src,&apos;user.PNG&apos;)]}
	at java.base/jdk.internal.reflect.NativeConstructorAccessorImpl.newInstance0(Native Method)
	at java.base/jdk.internal.reflect.NativeConstructorAccessorImpl.newInstance(NativeConstructorAccessorImpl.java:62)
	at java.base/jdk.internal.reflect.DelegatingConstructorAccessorImpl.newInstance(DelegatingConstructorAccessorImpl.java:45)
	at java.base/java.lang.reflect.Constructor.newInstanceWithCaller(Constructor.java:500)
	at java.base/java.lang.reflect.Constructor.newInstance(Constructor.java:481)
	at org.openqa.selenium.remote.http.W3CHttpResponseCodec.createException(W3CHttpResponseCodec.java:187)
	at org.openqa.selenium.remote.http.W3CHttpResponseCodec.decode(W3CHttpResponseCodec.java:122)
	at org.openqa.selenium.remote.http.W3CHttpResponseCodec.decode(W3CHttpResponseCodec.java:49)
	at org.openqa.selenium.remote.HttpCommandExecutor.execute(HttpCommandExecutor.java:158)
	at org.openqa.selenium.remote.service.DriverCommandExecutor.execute(DriverCommandExecutor.java:83)
	at org.openqa.selenium.remote.RemoteWebDriver.execute(RemoteWebDriver.java:552)
	at org.openqa.selenium.remote.RemoteWebDriver.findElement(RemoteWebDriver.java:323)
	at org.openqa.selenium.remote.RemoteWebDriver.findElementByXPath(RemoteWebDriver.java:428)
	at org.openqa.selenium.By$ByXPath.findElement(By.java:353)
	at org.openqa.selenium.remote.RemoteWebDriver.findElement(RemoteWebDriver.java:315)
	at org.openqa.selenium.support.pagefactory.DefaultElementLocator.findElement(DefaultElementLocator.java:69)
	at org.openqa.selenium.support.pagefactory.internal.LocatingElementHandler.invoke(LocatingElementHandler.java:38)
	at com.sun.proxy.$Proxy14.getWrappedElement(Unknown Source)
	at org.openqa.selenium.interactions.PointerInput$Origin.asArg(PointerInput.java:204)
	at org.openqa.selenium.interactions.PointerInput$Move.encode(PointerInput.java:155)
	at org.openqa.selenium.interactions.Sequence.encode(Sequence.java:75)
	at org.openqa.selenium.interactions.Sequence.toJson(Sequence.java:84)
	... 55 more
</pre></div></td>
<td>0</td>
<td>com.vTiger.testScripts.CreatePurchaseOrderTest@6293abcc</td></tr>
</table><p>
</body>
</html>